Copyright 1986-2019 Xilinx, Inc. All Rights Reserved.
------------------------------------------------------------------------------------
| Tool Version : Vivado v.2019.2 (lin64) Build 2708876 Wed Nov  6 21:39:14 MST 2019
| Date         : Thu May 28 12:12:49 2020
| Host         : pedro-nvme running 64-bit Ubuntu 18.04.4 LTS
| Command      : report_utilization -file ./results/post_route_utilization.rpt
| Design       : top
| Device       : xczu7evffvc1156-2
| Design State : Routed
------------------------------------------------------------------------------------

Utilization Design Information

Table of Contents
-----------------
1. CLB Logic
1.1 Summary of Registers by Type
2. CLB Logic Distribution
3. BLOCKRAM
4. ARITHMETIC
5. I/O
6. CLOCK
7. ADVANCED
8. CONFIGURATION
9. Primitives
10. Black Boxes
11. Instantiated Netlists

1. CLB Logic
------------

+----------------------------+-------+-------+-----------+-------+
|          Site Type         |  Used | Fixed | Available | Util% |
+----------------------------+-------+-------+-----------+-------+
| CLB LUTs                   | 10547 |     0 |    230400 |  4.58 |
|   LUT as Logic             |  8797 |     0 |    230400 |  3.82 |
|   LUT as Memory            |  1750 |     0 |    101760 |  1.72 |
|     LUT as Distributed RAM |   788 |     0 |           |       |
|     LUT as Shift Register  |   962 |     0 |           |       |
| CLB Registers              | 13919 |     0 |    460800 |  3.02 |
|   Register as Flip Flop    | 13919 |     0 |    460800 |  3.02 |
|   Register as Latch        |     0 |     0 |    460800 |  0.00 |
| CARRY8                     |    12 |     0 |     28800 |  0.04 |
| F7 Muxes                   |   175 |     0 |    115200 |  0.15 |
| F8 Muxes                   |    64 |     0 |     57600 |  0.11 |
| F9 Muxes                   |     0 |     0 |     28800 |  0.00 |
+----------------------------+-------+-------+-----------+-------+


1.1 Summary of Registers by Type
--------------------------------

+-------+--------------+-------------+--------------+
| Total | Clock Enable | Synchronous | Asynchronous |
+-------+--------------+-------------+--------------+
| 0     |            _ |           - |            - |
| 0     |            _ |           - |          Set |
| 0     |            _ |           - |        Reset |
| 0     |            _ |         Set |            - |
| 0     |            _ |       Reset |            - |
| 0     |          Yes |           - |            - |
| 33    |          Yes |           - |          Set |
| 69    |          Yes |           - |        Reset |
| 302   |          Yes |         Set |            - |
| 13515 |          Yes |       Reset |            - |
+-------+--------------+-------------+--------------+


2. CLB Logic Distribution
-------------------------

+--------------------------------------------+-------+-------+-----------+-------+
|                  Site Type                 |  Used | Fixed | Available | Util% |
+--------------------------------------------+-------+-------+-----------+-------+
| CLB                                        |  2349 |     0 |     28800 |  8.16 |
|   CLBL                                     |  1159 |     0 |           |       |
|   CLBM                                     |  1190 |     0 |           |       |
| LUT as Logic                               |  8797 |     0 |    230400 |  3.82 |
|   using O5 output only                     |   335 |       |           |       |
|   using O6 output only                     |  5395 |       |           |       |
|   using O5 and O6                          |  3067 |       |           |       |
| LUT as Memory                              |  1750 |     0 |    101760 |  1.72 |
|   LUT as Distributed RAM                   |   788 |     0 |           |       |
|     using O5 output only                   |     0 |       |           |       |
|     using O6 output only                   |     4 |       |           |       |
|     using O5 and O6                        |   784 |       |           |       |
|   LUT as Shift Register                    |   962 |     0 |           |       |
|     using O5 output only                   |     0 |       |           |       |
|     using O6 output only                   |   962 |       |           |       |
|     using O5 and O6                        |     0 |       |           |       |
| CLB Registers                              | 13919 |     0 |    460800 |  3.02 |
|   Register driven from within the CLB      |  8498 |       |           |       |
|   Register driven from outside the CLB     |  5421 |       |           |       |
|     LUT in front of the register is unused |  4247 |       |           |       |
|     LUT in front of the register is used   |  1174 |       |           |       |
| Unique Control Sets                        |   707 |       |     57600 |  1.23 |
+--------------------------------------------+-------+-------+-----------+-------+
* Note: Available Control Sets calculated as CLB Registers / 8, Review the Control Sets Report for more information regarding control sets.


3. BLOCKRAM
-----------

+-------------------+------+-------+-----------+-------+
|     Site Type     | Used | Fixed | Available | Util% |
+-------------------+------+-------+-----------+-------+
| Block RAM Tile    |    1 |     0 |       312 |  0.32 |
|   RAMB36/FIFO*    |    1 |     0 |       312 |  0.32 |
|     RAMB36E2 only |    1 |       |           |       |
|   RAMB18          |    0 |     0 |       624 |  0.00 |
| URAM              |   64 |     0 |        96 | 66.67 |
+-------------------+------+-------+-----------+-------+
* Note: Each Block RAM Tile only has one FIFO logic available and therefore can accommodate only one FIFO36E2 or one FIFO18E2. However, if a FIFO18E2 occupies a Block RAM Tile, that tile can still accommodate a RAMB18E2


4. ARITHMETIC
-------------

+-----------+------+-------+-----------+-------+
| Site Type | Used | Fixed | Available | Util% |
+-----------+------+-------+-----------+-------+
| DSPs      |    0 |     0 |      1728 |  0.00 |
+-----------+------+-------+-----------+-------+


5. I/O
------

+------------------+------+-------+-----------+-------+
|     Site Type    | Used | Fixed | Available | Util% |
+------------------+------+-------+-----------+-------+
| Bonded IOB       |    4 |     4 |       360 |  1.11 |
| HPIOB_M          |    0 |     0 |       144 |  0.00 |
| HPIOB_S          |    0 |     0 |       144 |  0.00 |
| HDIOB_M          |    2 |     2 |        24 |  8.33 |
|   INPUT          |    0 |       |           |       |
|   OUTPUT         |    2 |       |           |       |
|   BIDIR          |    0 |       |           |       |
| HDIOB_S          |    2 |     2 |        24 |  8.33 |
|   INPUT          |    0 |       |           |       |
|   OUTPUT         |    2 |       |           |       |
|   BIDIR          |    0 |       |           |       |
| HPIOB_SNGL       |    0 |     0 |        24 |  0.00 |
| HPIOBDIFFINBUF   |    0 |     0 |       192 |  0.00 |
| HPIOBDIFFOUTBUF  |    0 |     0 |       192 |  0.00 |
| HDIOBDIFFINBUF   |    0 |     0 |        48 |  0.00 |
| BITSLICE_CONTROL |    0 |     0 |        64 |  0.00 |
| BITSLICE_RX_TX   |    0 |     0 |       416 |  0.00 |
| BITSLICE_TX      |    0 |     0 |        64 |  0.00 |
| RIU_OR           |    0 |     0 |        32 |  0.00 |
+------------------+------+-------+-----------+-------+


6. CLOCK
--------

+----------------------+------+-------+-----------+-------+
|       Site Type      | Used | Fixed | Available | Util% |
+----------------------+------+-------+-----------+-------+
| GLOBAL CLOCK BUFFERs |    2 |     0 |       544 |  0.37 |
|   BUFGCE             |    1 |     0 |       208 |  0.48 |
|   BUFGCE_DIV         |    0 |     0 |        32 |  0.00 |
|   BUFG_GT            |    0 |     0 |       144 |  0.00 |
|   BUFG_PS            |    1 |     0 |        96 |  1.04 |
|   BUFGCTRL*          |    0 |     0 |        64 |  0.00 |
| PLL                  |    0 |     0 |        16 |  0.00 |
| MMCM                 |    0 |     0 |         8 |  0.00 |
+----------------------+------+-------+-----------+-------+
* Note: Each used BUFGCTRL counts as two GLOBAL CLOCK BUFFERs. This table does not include global clocking resources, only buffer cell usage. See the Clock Utilization Report (report_clock_utilization) for detailed accounting of global clocking resource availability.


7. ADVANCED
-----------

+-----------------+------+-------+-----------+--------+
|    Site Type    | Used | Fixed | Available |  Util% |
+-----------------+------+-------+-----------+--------+
| GTHE4_CHANNEL   |    0 |     0 |        20 |   0.00 |
| GTHE4_COMMON    |    0 |     0 |         5 |   0.00 |
| OBUFDS_GTE4     |    0 |     0 |        10 |   0.00 |
| OBUFDS_GTE4_ADV |    0 |     0 |        10 |   0.00 |
| PCIE40E4        |    0 |     0 |         2 |   0.00 |
| PS8             |    1 |     0 |         1 | 100.00 |
| SYSMONE4        |    0 |     0 |         1 |   0.00 |
| VCU             |    0 |     0 |         1 |   0.00 |
+-----------------+------+-------+-----------+--------+


8. CONFIGURATION
----------------

+-------------+------+-------+-----------+-------+
|  Site Type  | Used | Fixed | Available | Util% |
+-------------+------+-------+-----------+-------+
| BSCANE2     |    0 |     0 |         4 |  0.00 |
| DNA_PORTE2  |    0 |     0 |         1 |  0.00 |
| EFUSE_USR   |    0 |     0 |         1 |  0.00 |
| FRAME_ECCE4 |    0 |     0 |         1 |  0.00 |
| ICAPE3      |    0 |     0 |         2 |  0.00 |
| MASTER_JTAG |    0 |     0 |         1 |  0.00 |
| STARTUPE3   |    0 |     0 |         1 |  0.00 |
+-------------+------+-------+-----------+-------+


9. Primitives
-------------

+----------+-------+---------------------+
| Ref Name |  Used | Functional Category |
+----------+-------+---------------------+
| FDRE     | 13515 |            Register |
| LUT3     |  3612 |                 CLB |
| LUT6     |  2721 |                 CLB |
| LUT5     |  2229 |                 CLB |
| LUT4     |  2066 |                 CLB |
| RAMD32   |  1376 |                 CLB |
| LUT2     |   966 |                 CLB |
| SRLC32E  |   689 |                 CLB |
| FDSE     |   302 |            Register |
| SRL16E   |   273 |                 CLB |
| LUT1     |   270 |                 CLB |
| RAMS32   |   196 |                 CLB |
| MUXF7    |   175 |                 CLB |
| FDCE     |    69 |            Register |
| URAM288  |    64 |           Block Ram |
| MUXF8    |    64 |                 CLB |
| FDPE     |    33 |            Register |
| CARRY8   |    12 |                 CLB |
| OBUF     |     4 |                 I/O |
| RAMB36E2 |     1 |           Block Ram |
| PS8      |     1 |            Advanced |
| BUFG_PS  |     1 |               Clock |
| BUFGCE   |     1 |               Clock |
+----------+-------+---------------------+


10. Black Boxes
---------------

+----------+------+
| Ref Name | Used |
+----------+------+


11. Instantiated Netlists
-------------------------

+----------+------+
| Ref Name | Used |
+----------+------+


